<?xml version="1.0" encoding="UTF-8"?>
<!-- Generated by org.testng.reporters.JUnitXMLReporter -->
<testsuite hostname="Sayeed-LpTop1" ignored="0" name="Test" tests="6" failures="0" timestamp="2020-04-19T19:09:49 EDT" time="44.438" errors="0">
  <testcase name="test1" time="1.504" classname="execution.SearchTest"/>
  <testcase name="test2" time="3.733" classname="execution.SearchTest"/>
  <testcase name="test2" time="2.126" classname="execution.SearchTest"/>
  <testcase name="test2" time="2.015" classname="execution.SearchTest"/>
  <testcase name="test3" time="18.379" classname="execution.SearchTest"/>
  <testcase name="test4" time="10.851" classname="execution.SearchTest"/>
</testsuite> <!-- Test -->
