<?xml version="1.0" encoding="UTF-8"?>
<testng-results ignored="0" total="1" passed="1" failed="0" skipped="0">
  <reporter-output>
  </reporter-output>
  <suite started-at="2020-04-16T22:17:14 EDT" name="Default suite" finished-at="2020-04-16T22:17:21 EDT" duration-ms="6332">
    <groups>
    </groups>
    <test started-at="2020-04-16T22:17:14 EDT" name="Default test" finished-at="2020-04-16T22:17:21 EDT" duration-ms="6332">
      <class name="execution.Base">
        <test-method signature="Startup()[pri:0, instance:execution.Base@60704c]" started-at="2020-04-16T22:17:14 EDT" name="Startup" finished-at="2020-04-16T22:17:21 EDT" duration-ms="6275" status="PASS">
          <reporter-output>
          </reporter-output>
        </test-method> <!-- Startup -->
      </class> <!-- execution.Base -->
    </test> <!-- Default test -->
  </suite> <!-- Default suite -->
</testng-results>
