<?xml version="1.0" encoding="UTF-8"?>
<testng-results skipped="0" failed="0" ignored="0" total="2" passed="2">
  <reporter-output>
  </reporter-output>
  <suite name="Default suite" duration-ms="23796" started-at="2020-04-20T21:18:25 PDT" finished-at="2020-04-20T21:18:48 PDT">
    <groups>
    </groups>
    <test name="Default test" duration-ms="23796" started-at="2020-04-20T21:18:25 PDT" finished-at="2020-04-20T21:18:48 PDT">
      <class name="execution.RegisterationTest">
        <test-method status="PASS" signature="Startup()[pri:0, instance:execution.RegisterationTest@7d0587f1]" name="Startup" is-config="true" duration-ms="10419" started-at="2020-04-20T21:18:25 PDT" finished-at="2020-04-20T21:18:35 PDT">
          <reporter-output>
          </reporter-output>
        </test-method> <!-- Startup -->
        <test-method status="PASS" signature="start()[pri:1, instance:execution.RegisterationTest@7d0587f1]" name="start" duration-ms="1733" started-at="2020-04-20T21:18:35 PDT" finished-at="2020-04-20T21:18:37 PDT">
          <reporter-output>
          </reporter-output>
        </test-method> <!-- start -->
        <test-method status="PASS" signature="validregister()[pri:2, instance:execution.RegisterationTest@7d0587f1]" name="validregister" duration-ms="11433" started-at="2020-04-20T21:18:37 PDT" finished-at="2020-04-20T21:18:48 PDT">
          <reporter-output>
          </reporter-output>
        </test-method> <!-- validregister -->
        <test-method status="PASS" signature="teardown()[pri:0, instance:execution.RegisterationTest@7d0587f1]" name="teardown" is-config="true" duration-ms="154" started-at="2020-04-20T21:18:48 PDT" finished-at="2020-04-20T21:18:48 PDT">
          <reporter-output>
          </reporter-output>
        </test-method> <!-- teardown -->
      </class> <!-- execution.RegisterationTest -->
    </test> <!-- Default test -->
  </suite> <!-- Default suite -->
</testng-results>
